0 info it worked if it ends with ok
1 verbose cli [ 'C:\\Program Files\\nodejs\\node.exe',
1 verbose cli   'C:\\Program Files\\nodejs\\node_modules\\npm\\bin\\npm-cli.js',
1 verbose cli   'install',
1 verbose cli   'oracledb' ]
2 info using npm@3.10.8
3 info using node@v6.9.1
4 silly loadCurrentTree Starting
5 silly install loadCurrentTree
6 silly install readLocalPackageData
7 silly fetchPackageMetaData oracledb
8 silly fetchNamedPackageData oracledb
9 silly mapToRegistry name oracledb
10 silly mapToRegistry using default registry
11 silly mapToRegistry registry https://registry.npmjs.org/
12 silly mapToRegistry data Result {
12 silly mapToRegistry   raw: 'oracledb',
12 silly mapToRegistry   scope: null,
12 silly mapToRegistry   escapedName: 'oracledb',
12 silly mapToRegistry   name: 'oracledb',
12 silly mapToRegistry   rawSpec: '',
12 silly mapToRegistry   spec: 'latest',
12 silly mapToRegistry   type: 'tag' }
13 silly mapToRegistry uri https://registry.npmjs.org/oracledb
14 verbose request uri https://registry.npmjs.org/oracledb
15 verbose request no auth needed
16 info attempt registry request try #1 at 3:32:27 PM
17 verbose request id 524e05c19f6bb368
18 http request GET https://registry.npmjs.org/oracledb
19 http 200 https://registry.npmjs.org/oracledb
20 verbose headers { server: 'CouchDB/1.5.0 (Erlang OTP/R16B03)',
20 verbose headers   etag: '"7KSVJJU4OTO61VU7NANJNBUC"',
20 verbose headers   'content-type': 'application/json',
20 verbose headers   'content-encoding': 'gzip',
20 verbose headers   'cache-control': 'max-age=300',
20 verbose headers   'content-length': '7190',
20 verbose headers   'accept-ranges': 'bytes',
20 verbose headers   date: 'Thu, 10 Nov 2016 10:02:28 GMT',
20 verbose headers   via: '1.1 varnish',
20 verbose headers   age: '0',
20 verbose headers   connection: 'keep-alive',
20 verbose headers   'x-served-by': 'cache-sin6924-SIN',
20 verbose headers   'x-cache': 'HIT',
20 verbose headers   'x-cache-hits': '1',
20 verbose headers   'x-timer': 'S1478772147.845376,VS0,VE1014',
20 verbose headers   vary: 'Accept-Encoding' }
21 silly get cb [ 200,
21 silly get   { server: 'CouchDB/1.5.0 (Erlang OTP/R16B03)',
21 silly get     etag: '"7KSVJJU4OTO61VU7NANJNBUC"',
21 silly get     'content-type': 'application/json',
21 silly get     'content-encoding': 'gzip',
21 silly get     'cache-control': 'max-age=300',
21 silly get     'content-length': '7190',
21 silly get     'accept-ranges': 'bytes',
21 silly get     date: 'Thu, 10 Nov 2016 10:02:28 GMT',
21 silly get     via: '1.1 varnish',
21 silly get     age: '0',
21 silly get     connection: 'keep-alive',
21 silly get     'x-served-by': 'cache-sin6924-SIN',
21 silly get     'x-cache': 'HIT',
21 silly get     'x-cache-hits': '1',
21 silly get     'x-timer': 'S1478772147.845376,VS0,VE1014',
21 silly get     vary: 'Accept-Encoding' } ]
22 verbose get saving oracledb to C:\Users\shp\AppData\Roaming\npm-cache\registry.npmjs.org\oracledb\.cache.json
23 verbose correctMkdir C:\Users\shp\AppData\Roaming\npm-cache correctMkdir not in flight; initializing
24 silly install normalizeTree
25 silly loadCurrentTree Finishing
26 silly loadIdealTree Starting
27 silly install loadIdealTree
28 silly cloneCurrentTree Starting
29 silly install cloneCurrentTreeToIdealTree
30 silly cloneCurrentTree Finishing
31 silly loadShrinkwrap Starting
32 silly install loadShrinkwrap
33 silly loadShrinkwrap Finishing
34 silly loadAllDepsIntoIdealTree Starting
35 silly install loadAllDepsIntoIdealTree
36 silly resolveWithNewModule oracledb@1.11.0 checking installable status
37 silly cache add args [ 'oracledb', null ]
38 verbose cache add spec oracledb
39 silly cache add parsed spec Result {
39 silly cache add   raw: 'oracledb',
39 silly cache add   scope: null,
39 silly cache add   escapedName: 'oracledb',
39 silly cache add   name: 'oracledb',
39 silly cache add   rawSpec: '',
39 silly cache add   spec: 'latest',
39 silly cache add   type: 'tag' }
40 silly addNamed oracledb@latest
41 verbose addNamed "latest" is being treated as a dist-tag for oracledb
42 info addNameTag [ 'oracledb', 'latest' ]
43 silly mapToRegistry name oracledb
44 silly mapToRegistry using default registry
45 silly mapToRegistry registry https://registry.npmjs.org/
46 silly mapToRegistry data Result {
46 silly mapToRegistry   raw: 'oracledb',
46 silly mapToRegistry   scope: null,
46 silly mapToRegistry   escapedName: 'oracledb',
46 silly mapToRegistry   name: 'oracledb',
46 silly mapToRegistry   rawSpec: '',
46 silly mapToRegistry   spec: 'latest',
46 silly mapToRegistry   type: 'tag' }
47 silly mapToRegistry uri https://registry.npmjs.org/oracledb
48 verbose addNameTag registry:https://registry.npmjs.org/oracledb not in flight; fetching
49 verbose get https://registry.npmjs.org/oracledb not expired, no request
50 silly addNameTag next cb for oracledb with tag latest
51 silly addNamed oracledb@1.11.0
52 verbose addNamed "1.11.0" is a plain semver version for oracledb
53 silly mapToRegistry name oracledb
54 silly mapToRegistry using default registry
55 silly mapToRegistry registry https://registry.npmjs.org/
56 silly mapToRegistry data Result {
56 silly mapToRegistry   raw: 'oracledb',
56 silly mapToRegistry   scope: null,
56 silly mapToRegistry   escapedName: 'oracledb',
56 silly mapToRegistry   name: 'oracledb',
56 silly mapToRegistry   rawSpec: '',
56 silly mapToRegistry   spec: 'latest',
56 silly mapToRegistry   type: 'tag' }
57 silly mapToRegistry uri https://registry.npmjs.org/oracledb
58 verbose addRemoteTarball https://registry.npmjs.org/oracledb/-/oracledb-1.11.0.tgz not in flight; adding
59 verbose addRemoteTarball [ 'https://registry.npmjs.org/oracledb/-/oracledb-1.11.0.tgz',
59 verbose addRemoteTarball   '847655885f3b0f0e1359ac314b89bb6a6db9e2f0' ]
60 info retry fetch attempt 1 at 3:32:30 PM
61 info attempt registry request try #1 at 3:32:30 PM
62 http fetch GET https://registry.npmjs.org/oracledb/-/oracledb-1.11.0.tgz
63 http fetch 200 https://registry.npmjs.org/oracledb/-/oracledb-1.11.0.tgz
64 silly fetchAndShaCheck shasum 847655885f3b0f0e1359ac314b89bb6a6db9e2f0
65 verbose addTmpTarball C:\Users\shp\AppData\Local\Temp\npm-10620-7835e42f\registry.npmjs.org\oracledb\-\oracledb-1.11.0.tgz not in flight; adding
66 verbose addTmpTarball already have metadata; skipping unpack for oracledb@1.11.0
67 verbose correctMkdir C:\Users\shp\AppData\Roaming\npm-cache correctMkdir not in flight; initializing
68 silly cache afterAdd oracledb@1.11.0
69 verbose afterAdd C:\Users\shp\AppData\Roaming\npm-cache\oracledb\1.11.0\package\package.json not in flight; writing
70 verbose correctMkdir C:\Users\shp\AppData\Roaming\npm-cache correctMkdir not in flight; initializing
71 verbose afterAdd C:\Users\shp\AppData\Roaming\npm-cache\oracledb\1.11.0\package\package.json written
72 silly fetchNamedPackageData nan
73 silly mapToRegistry name nan
74 silly mapToRegistry using default registry
75 silly mapToRegistry registry https://registry.npmjs.org/
76 silly mapToRegistry data Result {
76 silly mapToRegistry   raw: 'nan',
76 silly mapToRegistry   scope: null,
76 silly mapToRegistry   escapedName: 'nan',
76 silly mapToRegistry   name: 'nan',
76 silly mapToRegistry   rawSpec: '',
76 silly mapToRegistry   spec: 'latest',
76 silly mapToRegistry   type: 'tag' }
77 silly mapToRegistry uri https://registry.npmjs.org/nan
78 verbose request uri https://registry.npmjs.org/nan
79 verbose request no auth needed
80 info attempt registry request try #1 at 3:32:32 PM
81 http request GET https://registry.npmjs.org/nan
82 http 200 https://registry.npmjs.org/nan
83 verbose headers { server: 'CouchDB/1.5.0 (Erlang OTP/R16B03)',
83 verbose headers   etag: '"64LN9YQI6X4XTPFBYZLET8KF2"',
83 verbose headers   'content-type': 'application/json',
83 verbose headers   'content-encoding': 'gzip',
83 verbose headers   'cache-control': 'max-age=300',
83 verbose headers   'content-length': '17191',
83 verbose headers   'accept-ranges': 'bytes',
83 verbose headers   date: 'Thu, 10 Nov 2016 10:02:31 GMT',
83 verbose headers   via: '1.1 varnish',
83 verbose headers   age: '132',
83 verbose headers   connection: 'keep-alive',
83 verbose headers   'x-served-by': 'cache-sin6924-SIN',
83 verbose headers   'x-cache': 'HIT',
83 verbose headers   'x-cache-hits': '8',
83 verbose headers   'x-timer': 'S1478772151.344848,VS0,VE0',
83 verbose headers   vary: 'Accept-Encoding' }
84 silly get cb [ 200,
84 silly get   { server: 'CouchDB/1.5.0 (Erlang OTP/R16B03)',
84 silly get     etag: '"64LN9YQI6X4XTPFBYZLET8KF2"',
84 silly get     'content-type': 'application/json',
84 silly get     'content-encoding': 'gzip',
84 silly get     'cache-control': 'max-age=300',
84 silly get     'content-length': '17191',
84 silly get     'accept-ranges': 'bytes',
84 silly get     date: 'Thu, 10 Nov 2016 10:02:31 GMT',
84 silly get     via: '1.1 varnish',
84 silly get     age: '132',
84 silly get     connection: 'keep-alive',
84 silly get     'x-served-by': 'cache-sin6924-SIN',
84 silly get     'x-cache': 'HIT',
84 silly get     'x-cache-hits': '8',
84 silly get     'x-timer': 'S1478772151.344848,VS0,VE0',
84 silly get     vary: 'Accept-Encoding' } ]
85 verbose get saving nan to C:\Users\shp\AppData\Roaming\npm-cache\registry.npmjs.org\nan\.cache.json
86 verbose correctMkdir C:\Users\shp\AppData\Roaming\npm-cache correctMkdir not in flight; initializing
87 silly resolveWithNewModule nan@2.3.5 checking installable status
88 silly cache add args [ 'nan@~2.3.0', null ]
89 verbose cache add spec nan@~2.3.0
90 silly cache add parsed spec Result {
90 silly cache add   raw: 'nan@~2.3.0',
90 silly cache add   scope: null,
90 silly cache add   escapedName: 'nan',
90 silly cache add   name: 'nan',
90 silly cache add   rawSpec: '~2.3.0',
90 silly cache add   spec: '>=2.3.0 <2.4.0',
90 silly cache add   type: 'range' }
91 silly addNamed nan@>=2.3.0 <2.4.0
92 verbose addNamed ">=2.3.0 <2.4.0" is a valid semver range for nan
93 silly addNameRange { name: 'nan', range: '>=2.3.0 <2.4.0', hasData: false }
94 silly mapToRegistry name nan
95 silly mapToRegistry using default registry
96 silly mapToRegistry registry https://registry.npmjs.org/
97 silly mapToRegistry data Result {
97 silly mapToRegistry   raw: 'nan',
97 silly mapToRegistry   scope: null,
97 silly mapToRegistry   escapedName: 'nan',
97 silly mapToRegistry   name: 'nan',
97 silly mapToRegistry   rawSpec: '',
97 silly mapToRegistry   spec: 'latest',
97 silly mapToRegistry   type: 'tag' }
98 silly mapToRegistry uri https://registry.npmjs.org/nan
99 verbose addNameRange registry:https://registry.npmjs.org/nan not in flight; fetching
100 verbose get https://registry.npmjs.org/nan not expired, no request
101 silly addNameRange number 2 { name: 'nan', range: '>=2.3.0 <2.4.0', hasData: true }
102 silly addNameRange versions [ 'nan',
102 silly addNameRange   [ '0.3.0-wip',
102 silly addNameRange     '0.3.0-wip2',
102 silly addNameRange     '0.3.0',
102 silly addNameRange     '0.3.1',
102 silly addNameRange     '0.3.2',
102 silly addNameRange     '0.4.0',
102 silly addNameRange     '0.4.1',
102 silly addNameRange     '0.4.2',
102 silly addNameRange     '0.4.3',
102 silly addNameRange     '0.4.4',
102 silly addNameRange     '0.5.0',
102 silly addNameRange     '0.5.1',
102 silly addNameRange     '0.5.2',
102 silly addNameRange     '0.6.0',
102 silly addNameRange     '0.7.0',
102 silly addNameRange     '0.7.1',
102 silly addNameRange     '0.8.0',
102 silly addNameRange     '1.0.0',
102 silly addNameRange     '1.1.0',
102 silly addNameRange     '1.1.1',
102 silly addNameRange     '1.1.2',
102 silly addNameRange     '1.2.0',
102 silly addNameRange     '1.3.0',
102 silly addNameRange     '1.4.0',
102 silly addNameRange     '1.4.1',
102 silly addNameRange     '1.5.0',
102 silly addNameRange     '1.4.2',
102 silly addNameRange     '1.4.3',
102 silly addNameRange     '1.5.1',
102 silly addNameRange     '1.5.2',
102 silly addNameRange     '1.6.0',
102 silly addNameRange     '1.5.3',
102 silly addNameRange     '1.6.1',
102 silly addNameRange     '1.6.2',
102 silly addNameRange     '1.7.0',
102 silly addNameRange     '1.8.0',
102 silly addNameRange     '1.8.1',
102 silly addNameRange     '1.8.2',
102 silly addNameRange     '1.8.3',
102 silly addNameRange     '1.8.4',
102 silly addNameRange     '1.9.0',
102 silly addNameRange     '2.0.0',
102 silly addNameRange     '2.0.1',
102 silly addNameRange     '2.0.2',
102 silly addNameRange     '2.0.3',
102 silly addNameRange     '2.0.4',
102 silly addNameRange     '2.0.5',
102 silly addNameRange     '2.0.6',
102 silly addNameRange     '2.0.7',
102 silly addNameRange     '2.0.8',
102 silly addNameRange     '2.0.9',
102 silly addNameRange     '2.1.0',
102 silly addNameRange     '2.2.0',
102 silly addNameRange     '2.2.1',
102 silly addNameRange     '2.3.0',
102 silly addNameRange     '2.3.1',
102 silly addNameRange     '2.3.2',
102 silly addNameRange     '2.3.3',
102 silly addNameRange     '2.3.4',
102 silly addNameRange     '2.3.5',
102 silly addNameRange     '2.4.0' ] ]
103 silly addNamed nan@2.3.5
104 verbose addNamed "2.3.5" is a plain semver version for nan
105 silly mapToRegistry name nan
106 silly mapToRegistry using default registry
107 silly mapToRegistry registry https://registry.npmjs.org/
108 silly mapToRegistry data Result {
108 silly mapToRegistry   raw: 'nan',
108 silly mapToRegistry   scope: null,
108 silly mapToRegistry   escapedName: 'nan',
108 silly mapToRegistry   name: 'nan',
108 silly mapToRegistry   rawSpec: '',
108 silly mapToRegistry   spec: 'latest',
108 silly mapToRegistry   type: 'tag' }
109 silly mapToRegistry uri https://registry.npmjs.org/nan
110 verbose addRemoteTarball https://registry.npmjs.org/nan/-/nan-2.3.5.tgz not in flight; adding
111 verbose addRemoteTarball [ 'https://registry.npmjs.org/nan/-/nan-2.3.5.tgz',
111 verbose addRemoteTarball   '822a0dc266290ce4cd3a12282ca3e7e364668a08' ]
112 info retry fetch attempt 1 at 3:32:32 PM
113 info attempt registry request try #1 at 3:32:32 PM
114 http fetch GET https://registry.npmjs.org/nan/-/nan-2.3.5.tgz
115 http fetch 200 https://registry.npmjs.org/nan/-/nan-2.3.5.tgz
116 silly fetchAndShaCheck shasum 822a0dc266290ce4cd3a12282ca3e7e364668a08
117 verbose addTmpTarball C:\Users\shp\AppData\Local\Temp\npm-10620-7835e42f\registry.npmjs.org\nan\-\nan-2.3.5.tgz not in flight; adding
118 verbose addTmpTarball already have metadata; skipping unpack for nan@2.3.5
119 verbose correctMkdir C:\Users\shp\AppData\Roaming\npm-cache correctMkdir not in flight; initializing
120 silly cache afterAdd nan@2.3.5
121 verbose afterAdd C:\Users\shp\AppData\Roaming\npm-cache\nan\2.3.5\package\package.json not in flight; writing
122 verbose correctMkdir C:\Users\shp\AppData\Roaming\npm-cache correctMkdir not in flight; initializing
123 verbose afterAdd C:\Users\shp\AppData\Roaming\npm-cache\nan\2.3.5\package\package.json written
124 silly loadAllDepsIntoIdealTree Finishing
125 silly loadIdealTree Finishing
126 silly currentTree wd_trial
126 silly currentTree +-- ansi-regex@2.0.0
126 silly currentTree +-- ansi-styles@2.2.1
126 silly currentTree +-- asn1@0.2.3
126 silly currentTree +-- assert-plus@0.2.0
126 silly currentTree +-- asynckit@0.4.0
126 silly currentTree +-- aws-sign2@0.6.0
126 silly currentTree +-- aws4@1.5.0
126 silly currentTree +-- bcrypt-pbkdf@1.0.0
126 silly currentTree +-- bignumber.js@2.4.0
126 silly currentTree +-- boom@2.10.1
126 silly currentTree +-- caseless@0.11.0
126 silly currentTree +-- chalk@1.1.3
126 silly currentTree +-- combined-stream@1.0.5
126 silly currentTree +-- commander@2.9.0
126 silly currentTree +-- core-util-is@1.0.2
126 silly currentTree +-- cryptiles@2.0.5
126 silly currentTree +-- dashdash@1.14.0
126 silly currentTree | `-- assert-plus@1.0.0
126 silly currentTree +-- delayed-stream@1.0.0
126 silly currentTree +-- ecc-jsbn@0.1.1
126 silly currentTree +-- escape-string-regexp@1.0.5
126 silly currentTree +-- extend@3.0.0
126 silly currentTree +-- extsprintf@1.0.2
126 silly currentTree +-- forever-agent@0.6.1
126 silly currentTree +-- form-data@2.1.1
126 silly currentTree +-- generate-function@2.0.0
126 silly currentTree +-- generate-object-property@1.2.0
126 silly currentTree +-- getpass@0.1.6
126 silly currentTree | `-- assert-plus@1.0.0
126 silly currentTree +-- graceful-readlink@1.0.1
126 silly currentTree +-- har-validator@2.0.6
126 silly currentTree +-- has-ansi@2.0.0
126 silly currentTree +-- hawk@3.1.3
126 silly currentTree +-- hoek@2.16.3
126 silly currentTree +-- http-signature@1.1.1
126 silly currentTree +-- httpdispatcher@1.0.0
126 silly currentTree +-- inherits@2.0.3
126 silly currentTree +-- is-my-json-valid@2.15.0
126 silly currentTree +-- is-property@1.0.2
126 silly currentTree +-- is-typedarray@1.0.0
126 silly currentTree +-- isarray@0.0.1
126 silly currentTree +-- isstream@0.1.2
126 silly currentTree +-- jodid25519@1.0.2
126 silly currentTree +-- jsbn@0.1.0
126 silly currentTree +-- json-schema@0.2.3
126 silly currentTree +-- json-stringify-safe@5.0.1
126 silly currentTree +-- jsonpointer@4.0.0
126 silly currentTree +-- jsprim@1.3.1
126 silly currentTree +-- mime-db@1.24.0
126 silly currentTree +-- mime-types@2.1.12
126 silly currentTree +-- mime@1.3.4
126 silly currentTree +-- mysql@2.12.0
126 silly currentTree +-- node-uuid@1.4.7
126 silly currentTree +-- oauth-sign@0.8.2
126 silly currentTree +-- pinkie-promise@2.0.1
126 silly currentTree +-- pinkie@2.0.4
126 silly currentTree +-- punycode@1.4.1
126 silly currentTree +-- qs@6.3.0
126 silly currentTree +-- readable-stream@1.1.14
126 silly currentTree +-- request@2.78.0
126 silly currentTree +-- sntp@1.0.9
126 silly currentTree +-- sqlstring@2.2.0
126 silly currentTree +-- sshpk@1.10.1
126 silly currentTree | `-- assert-plus@1.0.0
126 silly currentTree +-- string_decoder@0.10.31
126 silly currentTree +-- stringstream@0.0.5
126 silly currentTree +-- strip-ansi@3.0.1
126 silly currentTree +-- supports-color@2.0.0
126 silly currentTree +-- tough-cookie@2.3.2
126 silly currentTree +-- tunnel-agent@0.4.3
126 silly currentTree +-- tweetnacl@0.14.3
126 silly currentTree +-- verror@1.3.6
126 silly currentTree `-- xtend@4.0.1
127 silly idealTree wd_trial
127 silly idealTree +-- ansi-regex@2.0.0
127 silly idealTree +-- ansi-styles@2.2.1
127 silly idealTree +-- asn1@0.2.3
127 silly idealTree +-- assert-plus@0.2.0
127 silly idealTree +-- asynckit@0.4.0
127 silly idealTree +-- aws-sign2@0.6.0
127 silly idealTree +-- aws4@1.5.0
127 silly idealTree +-- bcrypt-pbkdf@1.0.0
127 silly idealTree +-- bignumber.js@2.4.0
127 silly idealTree +-- boom@2.10.1
127 silly idealTree +-- caseless@0.11.0
127 silly idealTree +-- chalk@1.1.3
127 silly idealTree +-- combined-stream@1.0.5
127 silly idealTree +-- commander@2.9.0
127 silly idealTree +-- core-util-is@1.0.2
127 silly idealTree +-- cryptiles@2.0.5
127 silly idealTree +-- dashdash@1.14.0
127 silly idealTree | `-- assert-plus@1.0.0
127 silly idealTree +-- delayed-stream@1.0.0
127 silly idealTree +-- ecc-jsbn@0.1.1
127 silly idealTree +-- escape-string-regexp@1.0.5
127 silly idealTree +-- extend@3.0.0
127 silly idealTree +-- extsprintf@1.0.2
127 silly idealTree +-- forever-agent@0.6.1
127 silly idealTree +-- form-data@2.1.1
127 silly idealTree +-- generate-function@2.0.0
127 silly idealTree +-- generate-object-property@1.2.0
127 silly idealTree +-- getpass@0.1.6
127 silly idealTree | `-- assert-plus@1.0.0
127 silly idealTree +-- graceful-readlink@1.0.1
127 silly idealTree +-- har-validator@2.0.6
127 silly idealTree +-- has-ansi@2.0.0
127 silly idealTree +-- hawk@3.1.3
127 silly idealTree +-- hoek@2.16.3
127 silly idealTree +-- http-signature@1.1.1
127 silly idealTree +-- httpdispatcher@1.0.0
127 silly idealTree +-- inherits@2.0.3
127 silly idealTree +-- is-my-json-valid@2.15.0
127 silly idealTree +-- is-property@1.0.2
127 silly idealTree +-- is-typedarray@1.0.0
127 silly idealTree +-- isarray@0.0.1
127 silly idealTree +-- isstream@0.1.2
127 silly idealTree +-- jodid25519@1.0.2
127 silly idealTree +-- jsbn@0.1.0
127 silly idealTree +-- json-schema@0.2.3
127 silly idealTree +-- json-stringify-safe@5.0.1
127 silly idealTree +-- jsonpointer@4.0.0
127 silly idealTree +-- jsprim@1.3.1
127 silly idealTree +-- mime-db@1.24.0
127 silly idealTree +-- mime-types@2.1.12
127 silly idealTree +-- mime@1.3.4
127 silly idealTree +-- mysql@2.12.0
127 silly idealTree +-- nan@2.3.5
127 silly idealTree +-- node-uuid@1.4.7
127 silly idealTree +-- oauth-sign@0.8.2
127 silly idealTree +-- oracledb@1.11.0
127 silly idealTree +-- pinkie-promise@2.0.1
127 silly idealTree +-- pinkie@2.0.4
127 silly idealTree +-- punycode@1.4.1
127 silly idealTree +-- qs@6.3.0
127 silly idealTree +-- readable-stream@1.1.14
127 silly idealTree +-- request@2.78.0
127 silly idealTree +-- sntp@1.0.9
127 silly idealTree +-- sqlstring@2.2.0
127 silly idealTree +-- sshpk@1.10.1
127 silly idealTree | `-- assert-plus@1.0.0
127 silly idealTree +-- string_decoder@0.10.31
127 silly idealTree +-- stringstream@0.0.5
127 silly idealTree +-- strip-ansi@3.0.1
127 silly idealTree +-- supports-color@2.0.0
127 silly idealTree +-- tough-cookie@2.3.2
127 silly idealTree +-- tunnel-agent@0.4.3
127 silly idealTree +-- tweetnacl@0.14.3
127 silly idealTree +-- verror@1.3.6
127 silly idealTree `-- xtend@4.0.1
128 silly generateActionsToTake Starting
129 silly install generateActionsToTake
130 silly generateActionsToTake Finishing
131 silly diffTrees action count 2
132 silly diffTrees add nan@2.3.5
133 silly diffTrees add oracledb@1.11.0
134 silly decomposeActions action count 16
135 silly decomposeActions fetch nan@2.3.5
136 silly decomposeActions extract nan@2.3.5
137 silly decomposeActions test nan@2.3.5
138 silly decomposeActions preinstall nan@2.3.5
139 silly decomposeActions build nan@2.3.5
140 silly decomposeActions install nan@2.3.5
141 silly decomposeActions postinstall nan@2.3.5
142 silly decomposeActions finalize nan@2.3.5
143 silly decomposeActions fetch oracledb@1.11.0
144 silly decomposeActions extract oracledb@1.11.0
145 silly decomposeActions test oracledb@1.11.0
146 silly decomposeActions preinstall oracledb@1.11.0
147 silly decomposeActions build oracledb@1.11.0
148 silly decomposeActions install oracledb@1.11.0
149 silly decomposeActions postinstall oracledb@1.11.0
150 silly decomposeActions finalize oracledb@1.11.0
151 silly runTopLevelLifecycles Starting
152 silly executeActions Starting
153 silly install executeActions
154 silly doSerial global-install 0
155 silly doParallel fetch 2
156 verbose correctMkdir C:\Users\shp\AppData\Roaming\npm-cache\_locks correctMkdir not in flight; initializing
157 verbose lock using C:\Users\shp\AppData\Roaming\npm-cache\_locks\staging-1129279167098748.lock for C:\Users\shp\Documents\wd_trial\node_modules\.staging
158 silly doParallel extract 2
159 silly extract nan@2.3.5
160 silly extract oracledb@1.11.0
161 verbose unbuild node_modules\.staging\nan-f4813c16
162 verbose unbuild node_modules\.staging\oracledb-eb2c6361
163 silly gentlyRm C:\Users\shp\Documents\wd_trial\node_modules\.staging\nan-f4813c16 is being purged from base C:\Users\shp\Documents\wd_trial
164 verbose gentlyRm don't care about contents; nuking C:\Users\shp\Documents\wd_trial\node_modules\.staging\nan-f4813c16
165 silly gentlyRm C:\Users\shp\Documents\wd_trial\node_modules\.staging\oracledb-eb2c6361 is being purged from base C:\Users\shp\Documents\wd_trial
166 verbose gentlyRm don't care about contents; nuking C:\Users\shp\Documents\wd_trial\node_modules\.staging\oracledb-eb2c6361
167 verbose tar unpack C:\Users\shp\AppData\Roaming\npm-cache\nan\2.3.5\package.tgz
168 verbose tar unpacking to C:\Users\shp\Documents\wd_trial\node_modules\.staging\nan-f4813c16
169 silly gentlyRm C:\Users\shp\Documents\wd_trial\node_modules\.staging\nan-f4813c16 is being purged
170 verbose gentlyRm don't care about contents; nuking C:\Users\shp\Documents\wd_trial\node_modules\.staging\nan-f4813c16
171 verbose tar unpack C:\Users\shp\AppData\Roaming\npm-cache\oracledb\1.11.0\package.tgz
172 verbose tar unpacking to C:\Users\shp\Documents\wd_trial\node_modules\.staging\oracledb-eb2c6361
173 silly gentlyRm C:\Users\shp\Documents\wd_trial\node_modules\.staging\oracledb-eb2c6361 is being purged
174 verbose gentlyRm don't care about contents; nuking C:\Users\shp\Documents\wd_trial\node_modules\.staging\oracledb-eb2c6361
175 silly gunzTarPerm modes [ '777', '666' ]
176 silly gunzTarPerm modes [ '777', '666' ]
177 silly gunzTarPerm extractEntry package.json
178 silly gunzTarPerm modified mode [ 'package.json', 420, 438 ]
179 silly gunzTarPerm extractEntry package.json
180 silly gunzTarPerm modified mode [ 'package.json', 436, 438 ]
181 silly gunzTarPerm extractEntry README.md
182 silly gunzTarPerm modified mode [ 'README.md', 420, 438 ]
183 silly gunzTarPerm extractEntry index.js
184 silly gunzTarPerm modified mode [ 'index.js', 420, 438 ]
185 silly gunzTarPerm extractEntry README.md
186 silly gunzTarPerm modified mode [ 'README.md', 436, 438 ]
187 silly gunzTarPerm extractEntry include_dirs.js
188 silly gunzTarPerm modified mode [ 'include_dirs.js', 436, 438 ]
189 silly gunzTarPerm extractEntry nan_converters.h
190 silly gunzTarPerm modified mode [ 'nan_converters.h', 436, 438 ]
191 silly gunzTarPerm extractEntry LICENSE.md
192 silly gunzTarPerm modified mode [ 'LICENSE.md', 436, 438 ]
193 silly gunzTarPerm extractEntry doc/node_misc.md
194 silly gunzTarPerm modified mode [ 'doc/node_misc.md', 436, 438 ]
195 silly gunzTarPerm extractEntry doc/asyncworker.md
196 silly gunzTarPerm modified mode [ 'doc/asyncworker.md', 436, 438 ]
197 silly gunzTarPerm extractEntry doc/callback.md
198 silly gunzTarPerm modified mode [ 'doc/callback.md', 436, 438 ]
199 silly gunzTarPerm extractEntry doc/converters.md
200 silly gunzTarPerm modified mode [ 'doc/converters.md', 436, 438 ]
201 silly gunzTarPerm extractEntry doc/errors.md
202 silly gunzTarPerm modified mode [ 'doc/errors.md', 436, 438 ]
203 silly gunzTarPerm extractEntry doc/maybe_types.md
204 silly gunzTarPerm modified mode [ 'doc/maybe_types.md', 436, 438 ]
205 silly gunzTarPerm extractEntry doc/methods.md
206 silly gunzTarPerm modified mode [ 'doc/methods.md', 436, 438 ]
207 silly gunzTarPerm extractEntry doc/new.md
208 silly gunzTarPerm modified mode [ 'doc/new.md', 436, 438 ]
209 silly gunzTarPerm extractEntry doc/buffers.md
210 silly gunzTarPerm modified mode [ 'doc/buffers.md', 436, 438 ]
211 silly gunzTarPerm extractEntry doc/object_wrappers.md
212 silly gunzTarPerm modified mode [ 'doc/object_wrappers.md', 436, 438 ]
213 silly gunzTarPerm extractEntry doc/persistent.md
214 silly gunzTarPerm modified mode [ 'doc/persistent.md', 436, 438 ]
215 silly gunzTarPerm extractEntry doc/scopes.md
216 silly gunzTarPerm modified mode [ 'doc/scopes.md', 436, 438 ]
217 silly gunzTarPerm extractEntry doc/script.md
218 silly gunzTarPerm modified mode [ 'doc/script.md', 436, 438 ]
219 silly gunzTarPerm extractEntry doc/string_bytes.md
220 silly gunzTarPerm modified mode [ 'doc/string_bytes.md', 436, 438 ]
221 silly gunzTarPerm extractEntry doc/v8_internals.md
222 silly gunzTarPerm modified mode [ 'doc/v8_internals.md', 436, 438 ]
223 silly gunzTarPerm extractEntry doc/v8_misc.md
224 silly gunzTarPerm modified mode [ 'doc/v8_misc.md', 436, 438 ]
225 silly gunzTarPerm extractEntry nan.h
226 silly gunzTarPerm modified mode [ 'nan.h', 436, 438 ]
227 silly gunzTarPerm extractEntry nan_callbacks.h
228 silly gunzTarPerm modified mode [ 'nan_callbacks.h', 436, 438 ]
229 silly gunzTarPerm extractEntry nan_callbacks_12_inl.h
230 silly gunzTarPerm modified mode [ 'nan_callbacks_12_inl.h', 436, 438 ]
231 silly gunzTarPerm extractEntry nan_callbacks_pre_12_inl.h
232 silly gunzTarPerm modified mode [ 'nan_callbacks_pre_12_inl.h', 436, 438 ]
233 silly gunzTarPerm extractEntry nan_converters_43_inl.h
234 silly gunzTarPerm modified mode [ 'nan_converters_43_inl.h', 436, 438 ]
235 silly gunzTarPerm extractEntry nan_converters_pre_43_inl.h
236 silly gunzTarPerm modified mode [ 'nan_converters_pre_43_inl.h', 436, 438 ]
237 silly gunzTarPerm extractEntry nan_implementation_12_inl.h
238 silly gunzTarPerm modified mode [ 'nan_implementation_12_inl.h', 436, 438 ]
239 silly gunzTarPerm extractEntry nan_implementation_pre_12_inl.h
240 silly gunzTarPerm modified mode [ 'nan_implementation_pre_12_inl.h', 436, 438 ]
241 silly gunzTarPerm extractEntry nan_maybe_43_inl.h
242 silly gunzTarPerm modified mode [ 'nan_maybe_43_inl.h', 436, 438 ]
243 silly gunzTarPerm extractEntry nan_maybe_pre_43_inl.h
244 silly gunzTarPerm modified mode [ 'nan_maybe_pre_43_inl.h', 436, 438 ]
245 silly gunzTarPerm extractEntry nan_new.h
246 silly gunzTarPerm modified mode [ 'nan_new.h', 436, 438 ]
247 silly gunzTarPerm extractEntry nan_object_wrap.h
248 silly gunzTarPerm modified mode [ 'nan_object_wrap.h', 436, 438 ]
249 silly gunzTarPerm extractEntry nan_persistent_12_inl.h
250 silly gunzTarPerm modified mode [ 'nan_persistent_12_inl.h', 436, 438 ]
251 silly gunzTarPerm extractEntry nan_persistent_pre_12_inl.h
252 silly gunzTarPerm modified mode [ 'nan_persistent_pre_12_inl.h', 436, 438 ]
253 silly gunzTarPerm extractEntry nan_string_bytes.h
254 silly gunzTarPerm modified mode [ 'nan_string_bytes.h', 436, 438 ]
255 silly gunzTarPerm extractEntry nan_typedarray_contents.h
256 silly gunzTarPerm modified mode [ 'nan_typedarray_contents.h', 436, 438 ]
257 silly gunzTarPerm extractEntry nan_weak.h
258 silly gunzTarPerm modified mode [ 'nan_weak.h', 436, 438 ]
259 silly gunzTarPerm extractEntry CHANGELOG.md
260 silly gunzTarPerm modified mode [ 'CHANGELOG.md', 436, 438 ]
261 silly gunzTarPerm extractEntry tools/package.json
262 silly gunzTarPerm modified mode [ 'tools/package.json', 436, 438 ]
263 silly gunzTarPerm extractEntry tools/README.md
264 silly gunzTarPerm modified mode [ 'tools/README.md', 436, 438 ]
265 silly gunzTarPerm extractEntry tools/1to2.js
266 silly gunzTarPerm modified mode [ 'tools/1to2.js', 509, 511 ]
267 silly gunzTarPerm extractEntry CHANGELOG.md
268 silly gunzTarPerm modified mode [ 'CHANGELOG.md', 420, 438 ]
269 silly gunzTarPerm extractEntry LICENSE.md
270 silly gunzTarPerm modified mode [ 'LICENSE.md', 420, 438 ]
271 silly gunzTarPerm extractEntry binding.gyp
272 silly gunzTarPerm modified mode [ 'binding.gyp', 420, 438 ]
273 silly gunzTarPerm extractEntry lib/connection.js
274 silly gunzTarPerm modified mode [ 'lib/connection.js', 420, 438 ]
275 silly gunzTarPerm extractEntry lib/lob.js
276 silly gunzTarPerm modified mode [ 'lib/lob.js', 420, 438 ]
277 silly gunzTarPerm extractEntry lib/oracledb.js
278 silly gunzTarPerm modified mode [ 'lib/oracledb.js', 420, 438 ]
279 silly gunzTarPerm extractEntry lib/pool.js
280 silly gunzTarPerm modified mode [ 'lib/pool.js', 420, 438 ]
281 silly gunzTarPerm extractEntry lib/querystream.js
282 silly gunzTarPerm modified mode [ 'lib/querystream.js', 420, 438 ]
283 silly gunzTarPerm extractEntry lib/resultset.js
284 silly gunzTarPerm modified mode [ 'lib/resultset.js', 420, 438 ]
285 silly gunzTarPerm extractEntry lib/util.js
286 silly gunzTarPerm modified mode [ 'lib/util.js', 420, 438 ]
287 silly gunzTarPerm extractEntry src/dpi/include/dpi.h
288 silly gunzTarPerm modified mode [ 'src/dpi/include/dpi.h', 420, 438 ]
289 silly gunzTarPerm extractEntry src/dpi/include/dpiCommon.h
290 silly gunzTarPerm modified mode [ 'src/dpi/include/dpiCommon.h', 420, 438 ]
291 silly gunzTarPerm extractEntry src/dpi/include/dpiConn.h
292 silly gunzTarPerm modified mode [ 'src/dpi/include/dpiConn.h', 420, 438 ]
293 silly gunzTarPerm extractEntry src/dpi/include/dpiDateTimeArray.h
294 silly gunzTarPerm modified mode [ 'src/dpi/include/dpiDateTimeArray.h', 420, 438 ]
295 silly gunzTarPerm extractEntry src/dpi/include/dpiEnv.h
296 silly gunzTarPerm modified mode [ 'src/dpi/include/dpiEnv.h', 420, 438 ]
297 silly gunzTarPerm extractEntry src/dpi/include/dpiException.h
298 silly gunzTarPerm modified mode [ 'src/dpi/include/dpiException.h', 420, 438 ]
299 silly gunzTarPerm extractEntry src/dpi/include/dpiLob.h
300 silly gunzTarPerm modified mode [ 'src/dpi/include/dpiLob.h', 420, 438 ]
301 silly gunzTarPerm extractEntry src/dpi/include/dpiPool.h
302 silly gunzTarPerm modified mode [ 'src/dpi/include/dpiPool.h', 420, 438 ]
303 silly gunzTarPerm extractEntry src/dpi/include/dpiStmt.h
304 silly gunzTarPerm modified mode [ 'src/dpi/include/dpiStmt.h', 420, 438 ]
305 silly gunzTarPerm extractEntry src/dpi/src/dpiExceptionImpl.cpp
306 silly gunzTarPerm modified mode [ 'src/dpi/src/dpiExceptionImpl.cpp', 420, 438 ]
307 silly gunzTarPerm extractEntry src/dpi/src/dpiCommon.cpp
308 silly gunzTarPerm modified mode [ 'src/dpi/src/dpiCommon.cpp', 420, 438 ]
309 silly gunzTarPerm extractEntry src/dpi/src/dpiConnImpl.h
310 silly gunzTarPerm modified mode [ 'src/dpi/src/dpiConnImpl.h', 420, 438 ]
311 silly gunzTarPerm extractEntry src/dpi/src/dpiDateTimeArrayImpl.cpp
312 silly gunzTarPerm modified mode [ 'src/dpi/src/dpiDateTimeArrayImpl.cpp', 420, 438 ]
313 silly gunzTarPerm extractEntry src/dpi/src/dpiDateTimeArrayImpl.h
314 silly gunzTarPerm modified mode [ 'src/dpi/src/dpiDateTimeArrayImpl.h', 420, 438 ]
315 silly gunzTarPerm extractEntry src/dpi/src/dpiEnv.cpp
316 silly gunzTarPerm modified mode [ 'src/dpi/src/dpiEnv.cpp', 420, 438 ]
317 silly gunzTarPerm extractEntry src/dpi/src/dpiEnvImpl.cpp
318 silly gunzTarPerm modified mode [ 'src/dpi/src/dpiEnvImpl.cpp', 420, 438 ]
319 silly gunzTarPerm extractEntry src/dpi/src/dpiEnvImpl.h
320 silly gunzTarPerm modified mode [ 'src/dpi/src/dpiEnvImpl.h', 420, 438 ]
321 silly gunzTarPerm extractEntry src/dpi/src/dpiException.cpp
322 silly gunzTarPerm modified mode [ 'src/dpi/src/dpiException.cpp', 420, 438 ]
323 silly gunzTarPerm extractEntry src/dpi/src/dpiConnImpl.cpp
324 silly gunzTarPerm modified mode [ 'src/dpi/src/dpiConnImpl.cpp', 420, 438 ]
325 silly gunzTarPerm extractEntry src/dpi/src/dpiExceptionImpl.h
326 silly gunzTarPerm modified mode [ 'src/dpi/src/dpiExceptionImpl.h', 420, 438 ]
327 silly gunzTarPerm extractEntry src/dpi/src/dpiLob.cpp
328 silly gunzTarPerm modified mode [ 'src/dpi/src/dpiLob.cpp', 420, 438 ]
329 silly gunzTarPerm extractEntry src/dpi/src/dpiPoolImpl.cpp
330 silly gunzTarPerm modified mode [ 'src/dpi/src/dpiPoolImpl.cpp', 420, 438 ]
331 silly gunzTarPerm extractEntry src/dpi/src/dpiPoolImpl.h
332 silly gunzTarPerm modified mode [ 'src/dpi/src/dpiPoolImpl.h', 420, 438 ]
333 silly gunzTarPerm extractEntry src/dpi/src/dpiStmtImpl.cpp
334 silly gunzTarPerm modified mode [ 'src/dpi/src/dpiStmtImpl.cpp', 420, 438 ]
335 silly gunzTarPerm extractEntry src/dpi/src/dpiStmtImpl.h
336 silly gunzTarPerm modified mode [ 'src/dpi/src/dpiStmtImpl.h', 420, 438 ]
337 silly gunzTarPerm extractEntry src/dpi/src/dpiUtils.cpp
338 silly gunzTarPerm modified mode [ 'src/dpi/src/dpiUtils.cpp', 420, 438 ]
339 silly gunzTarPerm extractEntry src/dpi/src/dpiUtils.h
340 silly gunzTarPerm modified mode [ 'src/dpi/src/dpiUtils.h', 420, 438 ]
341 silly gunzTarPerm extractEntry src/njs/src/njsOracle.cpp
342 silly gunzTarPerm modified mode [ 'src/njs/src/njsOracle.cpp', 420, 438 ]
343 silly gunzTarPerm extractEntry src/njs/src/njsConnection.cpp
344 silly gunzTarPerm modified mode [ 'src/njs/src/njsConnection.cpp', 420, 438 ]
345 silly gunzTarPerm extractEntry src/njs/src/njsIntLob.cpp
346 silly gunzTarPerm modified mode [ 'src/njs/src/njsIntLob.cpp', 420, 438 ]
347 silly gunzTarPerm extractEntry src/njs/src/njsIntLob.h
348 silly gunzTarPerm modified mode [ 'src/njs/src/njsIntLob.h', 420, 438 ]
349 silly gunzTarPerm extractEntry src/njs/src/njsMessages.cpp
350 silly gunzTarPerm modified mode [ 'src/njs/src/njsMessages.cpp', 420, 438 ]
351 silly gunzTarPerm extractEntry src/njs/src/njsMessages.h
352 silly gunzTarPerm modified mode [ 'src/njs/src/njsMessages.h', 420, 438 ]
353 silly gunzTarPerm extractEntry src/njs/src/njsConnection.h
354 silly gunzTarPerm modified mode [ 'src/njs/src/njsConnection.h', 420, 438 ]
355 silly gunzTarPerm extractEntry src/njs/src/njsOracle.h
356 silly gunzTarPerm modified mode [ 'src/njs/src/njsOracle.h', 420, 438 ]
357 silly gunzTarPerm extractEntry src/njs/src/njsPool.cpp
358 silly gunzTarPerm modified mode [ 'src/njs/src/njsPool.cpp', 420, 438 ]
359 silly gunzTarPerm extractEntry src/njs/src/njsPool.h
360 silly gunzTarPerm modified mode [ 'src/njs/src/njsPool.h', 420, 438 ]
361 silly gunzTarPerm extractEntry src/njs/src/njsResultSet.cpp
362 silly gunzTarPerm modified mode [ 'src/njs/src/njsResultSet.cpp', 420, 438 ]
363 silly gunzTarPerm extractEntry src/njs/src/njsResultSet.h
364 silly gunzTarPerm modified mode [ 'src/njs/src/njsResultSet.h', 420, 438 ]
365 silly gunzTarPerm extractEntry src/njs/src/njsUtils.h
366 silly gunzTarPerm modified mode [ 'src/njs/src/njsUtils.h', 420, 438 ]
367 silly gentlyRm C:\Users\shp\Documents\wd_trial\node_modules\.staging\nan-f4813c16\node_modules is being purged
368 verbose gentlyRm don't care about contents; nuking C:\Users\shp\Documents\wd_trial\node_modules\.staging\nan-f4813c16\node_modules
369 silly gentlyRm C:\Users\shp\Documents\wd_trial\node_modules\.staging\oracledb-eb2c6361\node_modules is being purged
370 verbose gentlyRm don't care about contents; nuking C:\Users\shp\Documents\wd_trial\node_modules\.staging\oracledb-eb2c6361\node_modules
371 silly doParallel preinstall 2
372 silly preinstall nan@2.3.5 C:\Users\shp\Documents\wd_trial\node_modules\.staging\nan-f4813c16
373 info lifecycle nan@2.3.5~preinstall: nan@2.3.5
374 silly preinstall oracledb@1.11.0 C:\Users\shp\Documents\wd_trial\node_modules\.staging\oracledb-eb2c6361
375 info lifecycle oracledb@1.11.0~preinstall: oracledb@1.11.0
376 silly lifecycle nan@2.3.5~preinstall: no script for preinstall, continuing
377 silly lifecycle oracledb@1.11.0~preinstall: no script for preinstall, continuing
378 silly doReverseSerial remove 0
379 silly doSerial move 0
380 silly doSerial finalize 2
381 silly finalize C:\Users\shp\Documents\wd_trial\node_modules\nan
382 silly finalize C:\Users\shp\Documents\wd_trial\node_modules\oracledb
383 silly doSerial build 2
384 silly build nan@2.3.5
385 info linkStuff nan@2.3.5
386 silly linkStuff nan@2.3.5 has C:\Users\shp\Documents\wd_trial\node_modules as its parent node_modules
387 verbose linkBins nan@2.3.5
388 verbose linkMans nan@2.3.5
389 silly build oracledb@1.11.0
390 info linkStuff oracledb@1.11.0
391 silly linkStuff oracledb@1.11.0 has C:\Users\shp\Documents\wd_trial\node_modules as its parent node_modules
392 verbose linkBins oracledb@1.11.0
393 verbose linkMans oracledb@1.11.0
394 silly doSerial global-link 0
395 silly doParallel update-linked 0
396 silly doSerial install 2
397 silly install nan@2.3.5 C:\Users\shp\Documents\wd_trial\node_modules\.staging\nan-f4813c16
398 info lifecycle nan@2.3.5~install: nan@2.3.5
399 silly lifecycle nan@2.3.5~install: no script for install, continuing
400 silly install oracledb@1.11.0 C:\Users\shp\Documents\wd_trial\node_modules\.staging\oracledb-eb2c6361
401 info lifecycle oracledb@1.11.0~install: oracledb@1.11.0
402 verbose lifecycle oracledb@1.11.0~install: unsafe-perm in lifecycle true
403 verbose lifecycle oracledb@1.11.0~install: PATH: C:\Program Files\nodejs\node_modules\npm\bin\node-gyp-bin;C:\Users\shp\Documents\wd_trial\node_modules\oracledb\node_modules\.bin;C:\Users\shp\Documents\wd_trial\node_modules\.bin;C:\oraclexe\app\oracle\product\10.2.0\server\bin;C:\Program Files\Python35\Scripts\;C:\Program Files\Python35\;C:\ProgramData\Oracle\Java\javapath;C:\Program Files (x86)\Intel\iCLS Client\;C:\Program Files\Intel\iCLS Client\;C:\Program Files\Dell\DW WLAN Card;C:\WINDOWS\system32;C:\WINDOWS;C:\WINDOWS\System32\Wbem;C:\WINDOWS\System32\WindowsPowerShell\v1.0\;c:\Program Files (x86)\ATI Technologies\ATI.ACE\Core-Static;C:\Program Files\WIDCOMM\Bluetooth Software\;C:\Program Files\WIDCOMM\Bluetooth Software\syswow64;C:\Program Files (x86)\Windows Live\Shared;C:\Program Files (x86)\AMD\ATI.ACE\Core-Static;C:\Program Files\Java\jdk1.8.0_45\bin;C:\Program Files\Java\jre1.8.0_45\bin;C:\Program Files (x86)\Skype\Phone\;C:\Program Files (x86)\Intel\Intel(R) Management Engine Components\DAL;C:\Program Files\Intel\Intel(R) Management Engine Components\DAL;C:\Program Files (x86)\Intel\Intel(R) Management Engine Components\IPT;C:\Program Files\Intel\Intel(R) Management Engine Components\IPT;C:\Program Files\Microsoft SQL Server\110\Tools\Binn\;C:\Program Files\Microsoft\Web Platform Installer\;C:\Program Files (x86)\Livestreamer;C:\WINDOWS\system32\config\systemprofile\.dnx\bin;C:\Program Files\Microsoft DNX\Dnvm\;C:\Program Files\Microsoft SQL Server\120\Tools\Binn\;C:\Program Files\Microsoft SQL Server\130\Tools\Binn\;C:\Program Files (x86)\Windows Kits\10\Windows Performance Toolkit\;C:\Anaconda3;C:\Anaconda3\Scripts;C:\Anaconda3\Library\bin;C:\Program Files\nodejs\;C:\Program Files (x86)\Microsoft VS Code\bin;C:\Users\shp\AppData\Local\Microsoft\WindowsApps;C:\Anaconda3\;C:\Users\shp\AppData\Roaming\npm
404 verbose lifecycle oracledb@1.11.0~install: CWD: C:\Users\shp\Documents\wd_trial\node_modules\oracledb
405 silly lifecycle oracledb@1.11.0~install: Args: [ '/d /s /c', 'node-gyp rebuild' ]
406 silly lifecycle oracledb@1.11.0~install: Returned: code: 1  signal: null
407 info lifecycle oracledb@1.11.0~install: Failed to exec install script
408 verbose unlock done using C:\Users\shp\AppData\Roaming\npm-cache\_locks\staging-1129279167098748.lock for C:\Users\shp\Documents\wd_trial\node_modules\.staging
409 silly rollbackFailedOptional Starting
410 silly rollbackFailedOptional Finishing
411 silly runTopLevelLifecycles Finishing
412 silly install printInstalled
413 warn enoent ENOENT: no such file or directory, open 'C:\Users\shp\Documents\wd_trial\package.json'
414 verbose enoent ENOENT: no such file or directory, open 'C:\Users\shp\Documents\wd_trial\package.json'
414 verbose enoent This is most likely not a problem with npm itself
414 verbose enoent and is related to npm not being able to find a file.
415 warn wd_trial No description
416 verbose If you need help, you may report this error at:
416 verbose     <https://github.com/npm/npm/issues>
417 warn wd_trial No repository field.
418 verbose If you need help, you may report this error at:
418 verbose     <https://github.com/npm/npm/issues>
419 warn wd_trial No README data
420 verbose If you need help, you may report this error at:
420 verbose     <https://github.com/npm/npm/issues>
421 warn wd_trial No license field.
422 verbose If you need help, you may report this error at:
422 verbose     <https://github.com/npm/npm/issues>
423 verbose stack Error: oracledb@1.11.0 install: `node-gyp rebuild`
423 verbose stack Exit status 1
423 verbose stack     at EventEmitter.<anonymous> (C:\Program Files\nodejs\node_modules\npm\lib\utils\lifecycle.js:255:16)
423 verbose stack     at emitTwo (events.js:106:13)
423 verbose stack     at EventEmitter.emit (events.js:191:7)
423 verbose stack     at ChildProcess.<anonymous> (C:\Program Files\nodejs\node_modules\npm\lib\utils\spawn.js:40:14)
423 verbose stack     at emitTwo (events.js:106:13)
423 verbose stack     at ChildProcess.emit (events.js:191:7)
423 verbose stack     at maybeClose (internal/child_process.js:877:16)
423 verbose stack     at Process.ChildProcess._handle.onexit (internal/child_process.js:226:5)
424 verbose pkgid oracledb@1.11.0
425 verbose cwd C:\Users\shp\Documents\wd_trial
426 error Windows_NT 10.0.14393
427 error argv "C:\\Program Files\\nodejs\\node.exe" "C:\\Program Files\\nodejs\\node_modules\\npm\\bin\\npm-cli.js" "install" "oracledb"
428 error node v6.9.1
429 error npm  v3.10.8
430 error code ELIFECYCLE
431 error oracledb@1.11.0 install: `node-gyp rebuild`
431 error Exit status 1
432 error Failed at the oracledb@1.11.0 install script 'node-gyp rebuild'.
432 error Make sure you have the latest version of node.js and npm installed.
432 error If you do, this is most likely a problem with the oracledb package,
432 error not with npm itself.
432 error Tell the author that this fails on your system:
432 error     node-gyp rebuild
432 error You can get information on how to open an issue for this project with:
432 error     npm bugs oracledb
432 error Or if that isn't available, you can get their info via:
432 error     npm owner ls oracledb
432 error There is likely additional logging output above.
433 verbose exit [ 1, true ]
